Using pre-set license
Built from '2020.3/release' branch; Version is '2020.3.1f1 (77a89f25062f) revision 7841951'; Using compiler version '192528614'; Build Type 'Release'
OS: 'Windows 10 Pro; OS build 19043.1237; Version 2009; 64bit' Language: 'es' Physical Memory: 16227 MB
BatchMode: 1, IsHumanControllingUs: 0, StartBugReporterOnCrash: 0, Is64bit: 1, IsPro: 0

 COMMAND LINE ARGUMENTS:
C:\Program Files\Unity\Hub\Editor\2020.3.1f1\Editor\Unity.exe
-adb2
-batchMode
-noUpm
-name
AssetImportWorker0
-projectPath
E:/2º ANIMACIÓN/Programacion/ZAXXON/PR_ZAXXON/PR_ZAXXON_ZapataNuria
-logFile
Logs/AssetImportWorker0.log
-srvPort
5372
Successfully changed project path to: E:/2º ANIMACIÓN/Programacion/ZAXXON/PR_ZAXXON/PR_ZAXXON_ZapataNuria
E:/2º ANIMACIÓN/Programacion/ZAXXON/PR_ZAXXON/PR_ZAXXON_ZapataNuria
Using Asset Import Pipeline V2.
Refreshing native plugins compatible for Editor in 25.46 ms, found 2 plugins.
Preloading 0 native plugins for Editor in 0.00 ms.
Initialize engine version: 2020.3.1f1 (77a89f25062f)
[Subsystems] Discovering subsystems at path C:/Program Files/Unity/Hub/Editor/2020.3.1f1/Editor/Data/Resources/UnitySubsystems
[Subsystems] Discovering subsystems at path E:/2º ANIMACIÓN/Programacion/ZAXXON/PR_ZAXXON/PR_ZAXXON_ZapataNuria/Assets
GfxDevice: creating device client; threaded=0
Direct3D:
    Version:  Direct3D 11.0 [level 11.1]
    Renderer: NVIDIA GeForce RTX 2080 (ID=0x1e87)
    Vendor:   
    VRAM:     8010 MB
    Driver:   27.21.14.6677
Initialize mono
Mono path[0] = 'C:/Program Files/Unity/Hub/Editor/2020.3.1f1/Editor/Data/Managed'
Mono path[1] = 'C:/Program Files/Unity/Hub/Editor/2020.3.1f1/Editor/Data/MonoBleedingEdge/lib/mono/unityjit'
Mono config path = 'C:/Program Files/Unity/Hub/Editor/2020.3.1f1/Editor/Data/MonoBleedingEdge/etc'
Using monoOptions --debugger-agent=transport=dt_socket,embedding=1,server=y,suspend=n,address=127.0.0.1:56240
Begin MonoManager ReloadAssembly
Registering precompiled unity dll's ...
Register platform support module: C:/Program Files/Unity/Hub/Editor/2020.3.1f1/Editor/Data/PlaybackEngines/WindowsStandaloneSupport/UnityEditor.WindowsStandalone.Extensions.dll
Registered in 0.001824 seconds.
Native extension for WindowsStandalone target not found
Refreshing native plugins compatible for Editor in 23.65 ms, found 2 plugins.
Preloading 0 native plugins for Editor in 0.00 ms.
Invoked RoslynAnalysisRunner static constructor.
RoslynAnalysisRunner will not be running.
RoslynAnalysisRunner has terminated.
Mono: successfully reloaded assembly
- Completed reload, in  0.886 seconds
Platform modules already initialized, skipping
Registering precompiled user dll's ...
Registered in 0.002190 seconds.
Begin MonoManager ReloadAssembly
Native extension for WindowsStandalone target not found
Refreshing native plugins compatible for Editor in 0.27 ms, found 2 plugins.
Preloading 0 native plugins for Editor in 0.00 ms.
Invoked RoslynAnalysisRunner static constructor.
RoslynAnalysisRunner will not be running.
RoslynAnalysisRunner has terminated.
Mono: successfully reloaded assembly
- Completed reload, in  0.838 seconds
Platform modules already initialized, skipping
========================================================================
Worker process is ready to serve import requests
Launched and connected shader compiler UnityShaderCompiler.exe after 0.04 seconds
Refreshing native plugins compatible for Editor in 0.27 ms, found 2 plugins.
Preloading 0 native plugins for Editor in 0.00 ms.
Unloading 1404 Unused Serialized files (Serialized files now loaded: 0)
System memory in use before: 65.1 MB.
System memory in use after: 65.1 MB.

Unloading 17 unused Assets to reduce memory usage. Loaded Objects now: 1838.
Total: 2.042100 ms (FindLiveObjects: 0.152200 ms CreateObjectMapping: 0.052000 ms MarkObjects: 1.774500 ms  DeleteObjects: 0.062600 ms)

========================================================================
Received Import Request.
  path: Assets/Obstaculo1.prefab
  artifactKey: Guid(183d4bcc5af50d548bc19622b8f74c02) Importer(815301076,1909f56bfc062723c751e8b465ee728b)
Start importing Assets/Obstaculo1.prefab using Guid(183d4bcc5af50d548bc19622b8f74c02) Importer(815301076,1909f56bfc062723c751e8b465ee728b)  -> (artifact id: '0e7b33ea4ec537a241ed5406cdcc8d44') in 0.089395 seconds
  Import took 0.091380 seconds .

========================================================================
Received Import Request.
  Time since last request: 22.745591 seconds.
  path: Assets/Obstaculo2.prefab
  artifactKey: Guid(6e5a0e4c79ddce5469acad962fd4fb6e) Importer(815301076,1909f56bfc062723c751e8b465ee728b)
Start importing Assets/Obstaculo2.prefab using Guid(6e5a0e4c79ddce5469acad962fd4fb6e) Importer(815301076,1909f56bfc062723c751e8b465ee728b)  -> (artifact id: '7ed4e39fea7cf78a3b33558d0a41d1e9') in 0.011363 seconds
  Import took 0.013617 seconds .

AssetImportWorkerClient::OnTransportError - code=2 error=End of file
